[debug] [2025-09-07T22:50:41.950Z] ----------------------------------------------------------------------
[debug] [2025-09-07T22:50:41.952Z] Command:       C:\Program Files\nodejs\node.exe C:\Users\Jojanser Corporan\AppData\Roaming\npm\node_modules\firebase-tools\lib\bin\firebase.js init emulators
[debug] [2025-09-07T22:50:41.953Z] CLI Version:   14.15.2
[debug] [2025-09-07T22:50:41.953Z] Platform:      win32
[debug] [2025-09-07T22:50:41.953Z] Node Version:  v22.18.0
[debug] [2025-09-07T22:50:41.953Z] Time:          Sun Sep 07 2025 18:50:41 GMT-0400 (hora estándar del Atlántico)
[debug] [2025-09-07T22:50:41.954Z] ----------------------------------------------------------------------
[debug] 
[debug] [2025-09-07T22:50:42.185Z] > command requires scopes: ["email","openid","https://www.googleapis.com/auth/cloudplatformprojects.readonly","https://www.googleapis.com/auth/firebase","https://www.googleapis.com/auth/cloud-platform"]
[debug] [2025-09-07T22:50:42.186Z] > authorizing via signed-in user (corporanhernandezj@gmail.com)
[info] 
     ######## #### ########  ######## ########     ###     ######  ########
     ##        ##  ##     ## ##       ##     ##  ##   ##  ##       ##
     ######    ##  ########  ######   ########  #########  ######  ######
     ##        ##  ##    ##  ##       ##     ## ##     ##       ## ##
     ##       #### ##     ## ######## ########  ##     ##  ######  ########

You're about to initialize a Firebase project in this directory:

  C:\AndroidProjec

Before we get started, keep in mind:

  * You are currently outside your home directory
  * You are initializing within an existing Firebase project directory

[info] 
=== Project Setup
[info] 
[info] First, let's associate this project directory with a Firebase project.
[info] You can create multiple project aliases by running firebase use --add, 
[info] but for now we'll just set up a default project.
[info] 
[debug] [2025-09-07T22:51:15.883Z] Using project from CLI flag: bibliotecadigital-cdc25
[debug] [2025-09-07T22:51:15.886Z] Checked if tokens are valid: true, expires at: 1757288829894
[debug] [2025-09-07T22:51:15.886Z] Checked if tokens are valid: true, expires at: 1757288829894
[debug] [2025-09-07T22:51:15.890Z] >>> [apiv2][query] GET https://firebase.googleapis.com/v1beta1/projects/bibliotecadigital-cdc25 [none]
[debug] [2025-09-07T22:51:16.512Z] <<< [apiv2][status] GET https://firebase.googleapis.com/v1beta1/projects/bibliotecadigital-cdc25 200
[debug] [2025-09-07T22:51:16.512Z] <<< [apiv2][body] GET https://firebase.googleapis.com/v1beta1/projects/bibliotecadigital-cdc25 {"projectId":"bibliotecadigital-cdc25","projectNumber":"991924685567","displayName":"LibrosApp","name":"projects/bibliotecadigital-cdc25","resources":{"hostingSite":"bibliotecadigital-cdc25","realtimeDatabaseInstance":"bibliotecadigital-cdc25-default-rtdb"},"state":"ACTIVE","etag":"1_175608c3-8b01-4af6-b3db-de2b323821dd"}
[info] i  Using project bibliotecadigital-cdc25 (LibrosApp) 
[info] 
=== Emulators Setup
